2018-12-06 17:04:24,769 [main] INFO  org.mule.module.launcher.application.DefaultMuleApplication - 
++++++++++++++++++++++++++++++++++++++++++++++++++++++++++++
+ Initializing app 'first-app'                             +
++++++++++++++++++++++++++++++++++++++++++++++++++++++++++++
2018-12-06 17:04:25,081 [main] INFO  org.mule.lifecycle.AbstractLifecycleManager - Initialising RegistryBroker
2018-12-06 17:04:25,218 [main] INFO  org.mule.module.extension.internal.manager.DefaultExtensionManager - Starting discovery of extensions
2018-12-06 17:04:25,346 [main] INFO  org.mule.module.extension.internal.manager.DefaultExtensionManager - Discovered 1 extensions
2018-12-06 17:04:25,346 [main] INFO  org.mule.module.extension.internal.manager.DefaultExtensionManager - Registering extension validation (version 3.9)
2018-12-06 17:04:25,655 [main] INFO  org.mule.config.spring.MuleArtifactContext - Refreshing org.mule.config.spring.MuleArtifactContext@7a11c4c7: startup date [Thu Dec 06 17:04:25 IST 2018]; root of context hierarchy
2018-12-06 17:04:27,287 [main] INFO  org.mule.config.spring.processors.NoDevkitInjectorProcessor - JSR-330 'javax.inject.Inject' annotation found and supported for autowiring
2018-12-06 17:04:28,174 [main] WARN  org.mule.module.ognl.expression.OgnlExpressionEvaluator - OGNL module is deprecated and will be removed in Mule 4.0. Use MEL expressions instead.
2018-12-06 17:04:28,800 [main] INFO  org.mule.util.journal.TransactionJournal - Using files for tx logs C:\Users\Admin\Documents\FT-devnew\Mulesoft\.mule\.\.mule\first-app\queue-tx-log\tx1.log and C:\Users\Admin\Documents\FT-devnew\Mulesoft\.mule\.\.mule\first-app\queue-tx-log\tx2.log
2018-12-06 17:04:28,817 [main] INFO  org.mule.util.journal.TransactionJournal - Using files for tx logs C:\Users\Admin\Documents\FT-devnew\Mulesoft\.mule\.\.mule\first-app\queue-xa-tx-log\tx1.log and C:\Users\Admin\Documents\FT-devnew\Mulesoft\.mule\.\.mule\first-app\queue-xa-tx-log\tx2.log
2018-12-06 17:04:28,978 [main] INFO  org.mule.lifecycle.AbstractLifecycleManager - Initialising model: _muleSystemModel
2018-12-06 17:04:28,983 [main] INFO  org.mule.construct.FlowConstructLifecycleManager - Initialising flow: first-appFlow
2018-12-06 17:04:28,984 [main] INFO  org.mule.exception.DefaultMessagingExceptionStrategy - Initialising exception listener: org.mule.exception.DefaultMessagingExceptionStrategy@7ddd84b5
2018-12-06 17:04:29,028 [main] INFO  org.mule.processor.SedaStageLifecycleManager - Initialising service: first-appFlow.stage1
2018-12-06 17:04:29,445 [main] INFO  org.mule.config.spring.SpringXmlConfigurationBuilder - Configured Mule using "org.mule.config.spring.SpringXmlConfigurationBuilder" with configuration resource(s): "[ConfigResource{resourceName='C:\Users\Admin\Documents\FT-devnew\Mulesoft\.mule\apps\first-app\first-app.xml'}]"
2018-12-06 17:04:29,445 [main] INFO  org.mule.config.builders.AutoConfigurationBuilder - Configured Mule using "org.mule.config.builders.AutoConfigurationBuilder" with configuration resource(s): "[ConfigResource{resourceName='C:\Users\Admin\Documents\FT-devnew\Mulesoft\.mule\apps\first-app\first-app.xml'}]"
2018-12-06 17:04:29,451 [main] INFO  com.mulesoft.module.policies.lifecyle.GateKeeper - GateKeeper Mode: DISABLED
2018-12-06 17:04:29,452 [main] INFO  org.mule.module.launcher.application.DefaultMuleApplication - 
++++++++++++++++++++++++++++++++++++++++++++++++++++++++++++
+ Starting app 'first-app'                                 +
++++++++++++++++++++++++++++++++++++++++++++++++++++++++++++
2018-12-06 17:04:29,452 [main] INFO  org.mule.util.queue.QueueXaResourceManager - Starting ResourceManager
2018-12-06 17:04:29,452 [main] INFO  org.mule.util.queue.QueueXaResourceManager - Started ResourceManager
2018-12-06 17:04:29,503 [main] INFO  org.mule.module.http.internal.listener.DefaultHttpListenerConfig - Listening for requests on http://0.0.0.0:8081
2018-12-06 17:04:29,508 [main] INFO  org.mule.modules.oauth2.provider.agents.DefaultSplashScreenAgent - 
++++++++++++++++++++++++++++++++++++++++++++++++++++++++++++++++++++++++++++++++
+ DevKit Extensions (0) used in this application 
                             +
++++++++++++++++++++++++++++++++++++++++++++++++++++++++++++++++++++++++++++++++
2018-12-06 17:04:29,510 [main] INFO  org.mule.lifecycle.AbstractLifecycleManager - Starting model: _muleSystemModel
2018-12-06 17:04:29,512 [main] INFO  org.mule.construct.FlowConstructLifecycleManager - Starting flow: first-appFlow
2018-12-06 17:04:29,512 [main] INFO  org.mule.processor.SedaStageLifecycleManager - Starting service: first-appFlow.stage1
2018-12-06 17:04:29,555 [main] INFO  org.mule.module.management.agent.WrapperManagerAgent - This JVM hasn't been launched by the wrapper, the agent will not run.
2018-12-06 17:04:38,610 [main] INFO  org.mule.DefaultMuleContext - 
**********************************************************************
* Application: first-app                                             *
* OS encoding: \, Mule encoding: UTF-8                               *
*                                                                    *
* Agents Running:                                                    *
*   Batch module default engine                                      *
*   DevKit Extension Information                                     *
*   JMX Agent                                                        *
*   Wrapper Manager                                                  *
**********************************************************************
